# JRE version: OpenJDK Runtime Environment (21.0.10) (build 21.0.10+-14961533-b1163.108)
# Java VM: OpenJDK 64-Bit Server VM (21.0.10+-14961533-b1163.108, mixed mode, tiered, compressed oops, compressed class ptrs, g1 gc, windows-amd64)
GC Precious Log:
 CardTable entry size: 512
 Card Set container configuration: InlinePtr #cards 5 size 8 Array Of Cards #cards 12 size 40 Howl #buckets 4 coarsen threshold 1843 Howl Bitmap #cards 512 size 80 coarsen threshold 460 Card regions per heap region 1 cards per card region 2048
 CPUs: 8 total, 8 available
 Memory: 3973M
 Large Page Support: Disabled
 NUMA Support: Disabled
 Compressed Oops: Enabled (32-bit)
 Heap Region Size: 1M
 Heap Min Capacity: 8M
 Heap Initial Capacity: 64M
 Heap Max Capacity: 994M
 Pre-touch: Disabled
 Parallel Workers: 8
 Concurrent Workers: 2
 Concurrent Refinement Workers: 8
 Periodic GC: Disabled
Heap:
 garbage-first heap   total 75776K, used 63064K [0x00000000c1e00000, 0x0000000100000000)
  region size 1024K, 42 young (43008K), 2 survivors (2048K)
 Metaspace       used 50183K, committed 50944K, reserved 1114112K
  class space    used 6090K, committed 6464K, reserved 1048576K
GC Heap History (20 events):
Event: 8.199 GC heap before
{Heap before GC invocations=6 (full 0):
 garbage-first heap   total 33792K, used 26624K [0x00000000c1e00000, 0x0000000100000000)
  region size 1024K, 12 young (12288K), 2 survivors (2048K)
 Metaspace       used 33453K, committed 33664K, reserved 1114112K
  class space    used 4149K, committed 4224K, reserved 1048576K
}
Event: 8.215 GC heap after
{Heap after GC invocations=7 (full 0):
 garbage-first heap   total 33792K, used 18963K [0x00000000c1e00000, 0x0000000100000000)
  region size 1024K, 2 young (2048K), 2 survivors (2048K)
 Metaspace       used 33453K, committed 33664K, reserved 1114112K
  class space    used 4149K, committed 4224K, reserved 1048576K
}
Event: 8.973 GC heap before
{Heap before GC invocations=8 (full 0):
 garbage-first heap   total 34816K, used 26131K [0x00000000c1e00000, 0x0000000100000000)
  region size 1024K, 10 young (10240K), 2 survivors (2048K)
 Metaspace       used 34439K, committed 34624K, reserved 1114112K
  class space    used 4265K, committed 4352K, reserved 1048576K
}
Event: 8.984 GC heap after
{Heap after GC invocations=9 (full 0):
 garbage-first heap   total 34816K, used 18523K [0x00000000c1e00000, 0x0000000100000000)
  region size 1024K, 2 young (2048K), 2 survivors (2048K)
 Metaspace       used 34439K, committed 34624K, reserved 1114112K
  class space    used 4265K, committed 4352K, reserved 1048576K
}
Event: 9.716 GC heap before
{Heap before GC invocations=9 (full 0):
 garbage-first heap   total 34816K, used 27739K [0x00000000c1e00000, 0x0000000100000000)
  region size 1024K, 12 young (12288K), 2 survivors (2048K)
 Metaspace       used 36560K, committed 36800K, reserved 1114112K
  class space    used 4502K, committed 4608K, reserved 1048576K
}
Event: 9.725 GC heap after
{Heap after GC invocations=10 (full 0):
 garbage-first heap   total 34816K, used 19665K [0x00000000c1e00000, 0x0000000100000000)
  region size 1024K, 2 young (2048K), 2 survivors (2048K)
 Metaspace       used 36560K, committed 36800K, reserved 1114112K
  class space    used 4502K, committed 4608K, reserved 1048576K
}
Event: 10.189 GC heap before
{Heap before GC invocations=10 (full 0):
 garbage-first heap   total 34816K, used 27857K [0x00000000c1e00000, 0x0000000100000000)
  region size 1024K, 11 young (11264K), 2 survivors (2048K)
 Metaspace       used 38458K, committed 38720K, reserved 1114112K
  class space    used 4654K, committed 4800K, reserved 1048576K
}
Event: 11.209 GC heap after
{Heap after GC invocations=11 (full 0):
 garbage-first heap   total 41984K, used 20546K [0x00000000c1e00000, 0x0000000100000000)
  region size 1024K, 1 young (1024K), 1 survivors (1024K)
 Metaspace       used 38458K, committed 38720K, reserved 1114112K
  class space    used 4654K, committed 4800K, reserved 1048576K
}
Event: 11.274 GC heap before
{Heap before GC invocations=12 (full 0):
 garbage-first heap   total 41984K, used 21570K [0x00000000c1e00000, 0x0000000100000000)
  region size 1024K, 2 young (2048K), 1 survivors (1024K)
 Metaspace       used 38696K, committed 38912K, reserved 1114112K
  class space    used 4670K, committed 4800K, reserved 1048576K
}
Event: 11.278 GC heap after
{Heap after GC invocations=13 (full 0):
 garbage-first heap   total 41984K, used 20743K [0x00000000c1e00000, 0x0000000100000000)
  region size 1024K, 1 young (1024K), 1 survivors (1024K)
 Metaspace       used 38696K, committed 38912K, reserved 1114112K
  class space    used 4670K, committed 4800K, reserved 1048576K
}
Event: 11.306 GC heap before
{Heap before GC invocations=13 (full 0):
 garbage-first heap   total 41984K, used 20743K [0x00000000c1e00000, 0x0000000100000000)
  region size 1024K, 2 young (2048K), 1 survivors (1024K)
 Metaspace       used 38850K, committed 39104K, reserved 1114112K
  class space    used 4677K, committed 4800K, reserved 1048576K
}
Event: 11.310 GC heap after
{Heap after GC invocations=14 (full 0):
 garbage-first heap   total 41984K, used 20247K [0x00000000c1e00000, 0x0000000100000000)
  region size 1024K, 1 young (1024K), 1 survivors (1024K)
 Metaspace       used 38850K, committed 39104K, reserved 1114112K
  class space    used 4677K, committed 4800K, reserved 1048576K
}
Event: 11.348 GC heap before
{Heap before GC invocations=14 (full 0):
 garbage-first heap   total 41984K, used 21271K [0x00000000c1e00000, 0x0000000100000000)
  region size 1024K, 2 young (2048K), 1 survivors (1024K)
 Metaspace       used 39072K, committed 39296K, reserved 1114112K
  class space    used 4687K, committed 4800K, reserved 1048576K
}
Event: 11.351 GC heap after
{Heap after GC invocations=15 (full 0):
 garbage-first heap   total 41984K, used 20318K [0x00000000c1e00000, 0x0000000100000000)
  region size 1024K, 1 young (1024K), 1 survivors (1024K)
 Metaspace       used 39072K, committed 39296K, reserved 1114112K
  class space    used 4687K, committed 4800K, reserved 1048576K
}
Event: 11.442 GC heap before
{Heap before GC invocations=16 (full 0):
 garbage-first heap   total 41984K, used 20318K [0x00000000c1e00000, 0x0000000100000000)
  region size 1024K, 2 young (2048K), 1 survivors (1024K)
 Metaspace       used 39390K, committed 39680K, reserved 1114112K
  class space    used 4711K, committed 4864K, reserved 1048576K
}
Event: 11.446 GC heap after
{Heap after GC invocations=17 (full 0):
 garbage-first heap   total 41984K, used 20518K [0x00000000c1e00000, 0x0000000100000000)
  region size 1024K, 1 young (1024K), 1 survivors (1024K)
 Metaspace       used 39390K, committed 39680K, reserved 1114112K
  class space    used 4711K, committed 4864K, reserved 1048576K
}
Event: 11.505 GC heap before
{Heap before GC invocations=17 (full 0):
 garbage-first heap   total 41984K, used 21542K [0x00000000c1e00000, 0x0000000100000000)
  region size 1024K, 2 young (2048K), 1 survivors (1024K)
 Metaspace       used 39678K, committed 39936K, reserved 1114112K
  class space    used 4728K, committed 4864K, reserved 1048576K
}
Event: 11.510 GC heap after
{Heap after GC invocations=18 (full 0):
 garbage-first heap   total 41984K, used 20527K [0x00000000c1e00000, 0x0000000100000000)
  region size 1024K, 1 young (1024K), 1 survivors (1024K)
 Metaspace       used 39678K, committed 39936K, reserved 1114112K
  class space    used 4728K, committed 4864K, reserved 1048576K
}
Event: 12.412 GC heap before
{Heap before GC invocations=18 (full 0):
 garbage-first heap   total 41984K, used 33839K [0x00000000c1e00000, 0x0000000100000000)
  region size 1024K, 15 young (15360K), 1 survivors (1024K)
 Metaspace       used 41750K, committed 42240K, reserved 1114112K
  class space    used 5052K, committed 5248K, reserved 1048576K
}
Event: 12.433 GC heap after
{Heap after GC invocations=19 (full 0):
 garbage-first heap   total 83968K, used 22104K [0x00000000c1e00000, 0x0000000100000000)
  region size 1024K, 2 young (2048K), 2 survivors (2048K)
 Metaspace       used 41750K, committed 42240K, reserved 1114112K
  class space    used 5052K, committed 5248K, reserved 1048576K
}

